social.are
group.are
help.are
olc.hlp
rom.are
air.are
arachnos.are
astral.are
canyon.are
catacomb.are
chapel.are
daycare.are
draconia.are
dream.are
drow.are
dwarven.are
dylan.are
eastern.are
galaxy.are
gnome.are
grave.are
grove.are
haon.are
hitower.are
hood.are
immort.are
limbo.are
mahntor.are
marsh.are
mega1.are
midennir.are
midgaard.are
mirror.are
mobfact.are
moria.are
newthalos.are
nirvana.are
ofcol.are
ofcol2.are
olympus.are
plains.are
pyramid.are
quifael.are
redferne.are
school.are
seaprisn.are
sewer.are
shire.are
smurf.are
thalos.are
tohell.are
trollden.are
valley.are
wyvern.are
$
